#
# There is insufficient memory for the Java Runtime Environment to continue.
# Native memory allocation (mmap) failed to map 257949696 bytes for G1 virtual space
# Possible reasons:
#   The system is out of physical RAM or swap space
#   The process is running with CompressedOops enabled, and the Java Heap may be blocking the growth of the native heap
# Possible solutions:
#   Reduce memory load on the system
#   Increase physical memory or swap space
#   Check if swap backing store is full
#   Decrease Java heap size (-Xmx/-Xms)
#   Decrease number of Java threads
#   Decrease Java thread stack sizes (-Xss)
#   Set larger code cache with -XX:ReservedCodeCacheSize=
#   JVM is running with Zero Based Compressed Oops mode in which the Java heap is
#     placed in the first 32GB address space. The Java Heap base address is the
#     maximum limit for the native heap growth. Please use -XX:HeapBaseMinAddress
#     to set the Java Heap base and to place the Java Heap above 32GB virtual address.
# This output file may be truncated or incomplete.
#
#  Out of Memory Error (os_windows.cpp:3536), pid=90068, tid=92220
#
# JRE version:  (19.0.2+7) (build )
# Java VM: OpenJDK 64-Bit Server VM (19.0.2+7-44, mixed mode, sharing, tiered, compressed oops, compressed class ptrs, g1 gc, windows-amd64)
# No core dump will be written. Minidumps are not enabled by default on client versions of Windows
#

---------------  S U M M A R Y ------------

Command Line: -javaagent:C:\Program Files\JetBrains\IntelliJ IDEA Community Edition 2022.3.2\lib\idea_rt.jar=14463:C:\Program Files\JetBrains\IntelliJ IDEA Community Edition 2022.3.2\bin -Dfile.encoding=UTF-8 -Dsun.stdout.encoding=UTF-8 -Dsun.stderr.encoding=UTF-8 engine.DBApp

Host: AMD Ryzen 7 5800H with Radeon Graphics         , 16 cores, 15G,  Windows 11 , 64 bit Build 22000 (10.0.22000.1516)
Time: Tue May 16 23:32:25 2023 Egypt Standard Time elapsed time: 0.010280 seconds (0d 0h 0m 0s)

---------------  T H R E A D  ---------------

Current thread (0x00000228b62ae1f0):  JavaThread "Unknown thread" [_thread_in_vm, id=92220, stack(0x000000af8a000000,0x000000af8a100000)]

Stack: [0x000000af8a000000,0x000000af8a100000]
Native frames: (J=compiled Java code, j=interpreted, Vv=VM code, C=native code)
V  [jvm.dll+0x6ee21a]
V  [jvm.dll+0x85765e]
V  [jvm.dll+0x85904e]
V  [jvm.dll+0x859703]
V  [jvm.dll+0x28298f]
V  [jvm.dll+0x6eb009]
V  [jvm.dll+0x6dfbaa]
V  [jvm.dll+0x3573f6]
V  [jvm.dll+0x35ee56]
V  [jvm.dll+0x3b541e]
V  [jvm.dll+0x3b564f]
V  [jvm.dll+0x32c9ea]
V  [jvm.dll+0x32d89e]
V  [jvm.dll+0x821780]
V  [jvm.dll+0x3c2661]
V  [jvm.dll+0x801f51]
V  [jvm.dll+0x44ae8f]
V  [jvm.dll+0x44c811]
C  [jli.dll+0x5287]
C  [ucrtbase.dll+0x26c0c]
C  [KERNEL32.DLL+0x155a0]
C  [ntdll.dll+0x485b]


---------------  P R O C E S S  ---------------

Threads class SMR info:
_java_thread_list=0x00007ff8f81dd048, length=0, elements={
}

Java Threads: ( => current thread )

Other Threads:
  0x00000228b63220e0 WorkerThread "GC Thread#0" [stack: 0x000000af8a100000,0x000000af8a200000] [id=65016]
  0x00000228b63327d0 ConcurrentGCThread "G1 Main Marker" [stack: 0x000000af8a200000,0x000000af8a300000] [id=129476]
  0x00000228b63338a0 WorkerThread "G1 Conc#0" [stack: 0x000000af8a300000,0x000000af8a400000] [id=82860]

[error occurred during error reporting (printing all threads), id 0xc0000005, EXCEPTION_ACCESS_VIOLATION (0xc0000005) at pc=0x00007ff8f799d427]

VM state: not at safepoint (not fully initialized)

VM Mutex/Monitor currently owned by a thread:  ([mutex/lock_event])
[0x00000228b62a9300] Heap_lock - owner thread: 0x00000228b62ae1f0

Heap address: 0x000000070a600000, size: 3930 MB, Compressed Oops mode: Zero based, Oop shift amount: 3

CDS archive(s) mapped at: [0x0000000000000000-0x0000000000000000-0x0000000000000000), size 0, SharedBaseAddress: 0x0000000800000000, ArchiveRelocationMode: 0.
Narrow klass base: 0x0000000000000000, Narrow klass shift: 0, Narrow klass range: 0x0

GC Precious Log:
 CardTable entry size: 512
 Card Set container configuration: InlinePtr #cards 4 size 8 Array Of Cards #cards 16 size 48 Howl #buckets 8 coarsen threshold 3686 Howl Bitmap #cards 512 size 80 coarsen threshold 460 Card regions per heap region 1 cards per card region 4096

Heap:
 garbage-first heap   total 0K, used 0K [0x000000070a600000, 0x0000000800000000)
  region size 2048K, 0 young (0K), 0 survivors (0K)

[error occurred during error reporting (printing heap information), id 0xc0000005, EXCEPTION_ACCESS_VIOLATION (0xc0000005) at pc=0x00007ff8f7da6649]

GC Heap History (0 events):
No events

Dll operation events (1 events):
Event: 0.007 Loaded shared library C:\Users\Omar\.jdks\openjdk-19.0.2\bin\java.dll

Deoptimization events (0 events):
No events

Classes loaded (0 events):
No events

Classes unloaded (0 events):
No events

Classes redefined (0 events):
No events

Internal exceptions (0 events):
No events

VM Operations (0 events):
No events

Events (0 events):
No events


Dynamic libraries:
0x00007ff7111e0000 - 0x00007ff7111ee000 	C:\Users\Omar\.jdks\openjdk-19.0.2\bin\java.exe
0x00007ff95af20000 - 0x00007ff95b129000 	C:\windows\SYSTEM32\ntdll.dll
0x00007ff95a990000 - 0x00007ff95aa4e000 	C:\windows\System32\KERNEL32.DLL
0x00007ff9583f0000 - 0x00007ff95876c000 	C:\windows\System32\KERNELBASE.dll
0x00007ff958980000 - 0x00007ff958a91000 	C:\windows\System32\ucrtbase.dll
0x00007ff944400000 - 0x00007ff944417000 	C:\Users\Omar\.jdks\openjdk-19.0.2\bin\jli.dll
0x00007ff9444b0000 - 0x00007ff9444cb000 	C:\Users\Omar\.jdks\openjdk-19.0.2\bin\VCRUNTIME140.dll
0x00007ff9593a0000 - 0x00007ff95954d000 	C:\windows\System32\USER32.dll
0x00007ff958950000 - 0x00007ff958976000 	C:\windows\System32\win32u.dll
0x00007ff95a370000 - 0x00007ff95a399000 	C:\windows\System32\GDI32.dll
0x00007ff93b320000 - 0x00007ff93b5c5000 	C:\windows\WinSxS\amd64_microsoft.windows.common-controls_6595b64144ccf1df_6.0.22000.120_none_9d947278b86cc467\COMCTL32.dll
0x00007ff958aa0000 - 0x00007ff958bb8000 	C:\windows\System32\gdi32full.dll
0x00007ff95aa50000 - 0x00007ff95aaf3000 	C:\windows\System32\msvcrt.dll
0x00007ff958c80000 - 0x00007ff958d1d000 	C:\windows\System32\msvcp_win.dll
0x00007ff958e50000 - 0x00007ff958e81000 	C:\windows\System32\IMM32.DLL
0x00007ff944e60000 - 0x00007ff944e6c000 	C:\Users\Omar\.jdks\openjdk-19.0.2\bin\vcruntime140_1.dll
0x00007ff93abf0000 - 0x00007ff93ac7e000 	C:\Users\Omar\.jdks\openjdk-19.0.2\bin\msvcp140.dll
0x00007ff8f7660000 - 0x00007ff8f8320000 	C:\Users\Omar\.jdks\openjdk-19.0.2\bin\server\jvm.dll
0x00007ff959630000 - 0x00007ff9596de000 	C:\windows\System32\ADVAPI32.dll
0x00007ff958db0000 - 0x00007ff958e4e000 	C:\windows\System32\sechost.dll
0x00007ff95a3a0000 - 0x00007ff95a4c0000 	C:\windows\System32\RPCRT4.dll
0x00007ff953f10000 - 0x00007ff953f19000 	C:\windows\SYSTEM32\WSOCK32.dll
0x00007ff953710000 - 0x00007ff95371a000 	C:\windows\SYSTEM32\VERSION.dll
0x00007ff952c10000 - 0x00007ff952c43000 	C:\windows\SYSTEM32\WINMM.dll
0x00007ff959210000 - 0x00007ff95927f000 	C:\windows\System32\WS2_32.dll
0x00007ff957560000 - 0x00007ff957578000 	C:\windows\SYSTEM32\kernel.appcore.dll
0x00007ff944d70000 - 0x00007ff944d7a000 	C:\Users\Omar\.jdks\openjdk-19.0.2\bin\jimage.dll
0x00007ff949bd0000 - 0x00007ff949df1000 	C:\windows\SYSTEM32\DBGHELP.DLL
0x00007ff9427b0000 - 0x00007ff9427e1000 	C:\windows\SYSTEM32\dbgcore.DLL
0x00007ff958d20000 - 0x00007ff958d9f000 	C:\windows\System32\bcryptPrimitives.dll
0x00007ff942b70000 - 0x00007ff942b7e000 	C:\Users\Omar\.jdks\openjdk-19.0.2\bin\instrument.dll
0x00007ff943030000 - 0x00007ff943056000 	C:\Users\Omar\.jdks\openjdk-19.0.2\bin\java.dll

dbghelp: loaded successfully - version: 4.0.5 - missing functions: none
symbol engine: initialized successfully - sym options: 0x614 - pdb path: .;C:\Users\Omar\.jdks\openjdk-19.0.2\bin;C:\windows\SYSTEM32;C:\windows\WinSxS\amd64_microsoft.windows.common-controls_6595b64144ccf1df_6.0.22000.120_none_9d947278b86cc467;C:\Users\Omar\.jdks\openjdk-19.0.2\bin\server

VM Arguments:
jvm_args: -javaagent:C:\Program Files\JetBrains\IntelliJ IDEA Community Edition 2022.3.2\lib\idea_rt.jar=14463:C:\Program Files\JetBrains\IntelliJ IDEA Community Edition 2022.3.2\bin -Dfile.encoding=UTF-8 -Dsun.stdout.encoding=UTF-8 -Dsun.stderr.encoding=UTF-8 
java_command: engine.DBApp
java_class_path (initial): D:\db-engine\target\classes;C:\Program Files\JetBrains\IntelliJ IDEA Community Edition 2022.3.2\lib\junit4.jar;C:\Users\Omar\.m2\repository\org\junit\jupiter\junit-jupiter\5.8.1\junit-jupiter-5.8.1.jar;C:\Users\Omar\.m2\repository\org\junit\jupiter\junit-jupiter-api\5.8.1\junit-jupiter-api-5.8.1.jar;C:\Users\Omar\.m2\repository\org\opentest4j\opentest4j\1.2.0\opentest4j-1.2.0.jar;C:\Users\Omar\.m2\repository\org\junit\platform\junit-platform-commons\1.8.1\junit-platform-commons-1.8.1.jar;C:\Users\Omar\.m2\repository\org\apiguardian\apiguardian-api\1.1.2\apiguardian-api-1.1.2.jar;C:\Users\Omar\.m2\repository\org\junit\jupiter\junit-jupiter-params\5.8.1\junit-jupiter-params-5.8.1.jar;C:\Users\Omar\.m2\repository\org\junit\jupiter\junit-jupiter-engine\5.8.1\junit-jupiter-engine-5.8.1.jar;C:\Users\Omar\.m2\repository\org\junit\platform\junit-platform-engine\1.8.1\junit-platform-engine-1.8.1.jar;C:\Users\Omar\.m2\repository\org\antlr\antlr4-maven-plugin\4.12.0\antlr4-maven-plugin-4.12.0.jar;C:\Users\Omar\.m2\repository\org\codehaus\plexus\plexus-compiler-api\2.12.1\plexus-compiler-api-2.12.1.jar;C:\Users\Omar\.m2\repository\org\codehaus\plexus\plexus-utils\3.4.2\plexus-utils-3.4.2.jar;C:\Users\Omar\.m2\repository\org\sonatype\plexus\plexus-build-api\0.0.7\plexus-build-api-0.0.7.jar;C:\Users\Omar\.m2\repository\org\antlr\antlr4\4.12.0\antlr4-4.12.0.jar;C:\Users\Omar\.m2\repository\org\antlr\antlr4-runtime\4.12.0\antlr4-runtime-4.12.0.jar;C:\Users\Omar\.m2\repository\org\antlr\antlr-runtime\3.5.3\antlr-runtime-3.5.3.jar;C:\Users\Omar\.m2\repository\org\antlr\ST4\4.3.4\ST4-4.3.4.jar;C:\Users\Omar\.m2\repository\org\abego\treelayout\org.abego.treelayout.core\1.0.3\org.abego.treelayout.core-1.0.3.jar;C:\Users\Omar\.m2\repository\com\ibm\icu\icu4j\71.1\icu4j-71.1.jar;C:\Users\Omar\.m2\repository\org\slf4j\slf4j-api\2.0.0\slf4j-api-2.0.0.jar;C:\Users\Omar\.m2\repository\org\slf4j\slf4j-simple\2.0.0\slf4j-simple-2.0.0.jar
Launcher Type: SUN_STANDARD

[Global flags]
     intx CICompilerCount                          = 12                                        {product} {ergonomic}
     uint ConcGCThreads                            = 3                                         {product} {ergonomic}
     uint G1ConcRefinementThreads                  = 13                                        {product} {ergonomic}
   size_t G1HeapRegionSize                         = 2097152                                   {product} {ergonomic}
    uintx GCDrainStackTargetSize                   = 64                                        {product} {ergonomic}
   size_t InitialHeapSize                          = 257949696                                 {product} {ergonomic}
   size_t MarkStackSize                            = 4194304                                   {product} {ergonomic}
   size_t MaxHeapSize                              = 4120903680                                {product} {ergonomic}
   size_t MinHeapDeltaBytes                        = 2097152                                   {product} {ergonomic}
   size_t MinHeapSize                              = 8388608                                   {product} {ergonomic}
    uintx NonNMethodCodeHeapSize                   = 7602480                                {pd product} {ergonomic}
    uintx NonProfiledCodeHeapSize                  = 122027880                              {pd product} {ergonomic}
    uintx ProfiledCodeHeapSize                     = 122027880                              {pd product} {ergonomic}
    uintx ReservedCodeCacheSize                    = 251658240                              {pd product} {ergonomic}
     bool SegmentedCodeCache                       = true                                      {product} {ergonomic}
   size_t SoftMaxHeapSize                          = 4120903680                             {manageable} {ergonomic}
     bool UseCompressedClassPointers               = true                           {product lp64_product} {ergonomic}
     bool UseCompressedOops                        = true                           {product lp64_product} {ergonomic}
     bool UseG1GC                                  = true                                      {product} {ergonomic}
     bool UseLargePagesIndividualAllocation        = false                                  {pd product} {ergonomic}

Logging:
Log output configuration:
 #0: stdout all=warning uptime,level,tags foldmultilines=false
 #1: stderr all=off uptime,level,tags foldmultilines=false

Environment Variables:
PATH=C:\Program Files (x86)\Common Files\Oracle\Java\javapath;C:\windows\system32;C:\windows;C:\windows\System32\Wbem;C:\windows\System32\WindowsPowerShell\v1.0\;C:\windows\System32\OpenSSH\;C:\Program Files (x86)\NVIDIA Corporation\PhysX\Common;C:\Program Files\NVIDIA Corporation\NVIDIA NvDLISR;C:\Program Files\Git\cmd;C:\Users\Omar\AppData\Local\Microsoft\WindowsApps;C:\Users\Omar\AppData\Local\GitHubDesktop\bin;C:\Users\Omar\AppData\Local\Programs\Microsoft VS Code\bin
USERNAME=Omar
OS=Windows_NT
PROCESSOR_IDENTIFIER=AMD64 Family 25 Model 80 Stepping 0, AuthenticAMD
TMP=C:\Users\Omar\AppData\Local\Temp
TEMP=C:\Users\Omar\AppData\Local\Temp



---------------  S Y S T E M  ---------------

OS:
 Windows 11 , 64 bit Build 22000 (10.0.22000.1516)
OS uptime: 59 days 14:37 hours

CPU: total 16 (initial active 16) (16 cores per cpu, 2 threads per core) family 25 model 80 stepping 0 microcode 0x0, cx8, cmov, fxsr, ht, mmx, 3dnowpref, sse, sse2, sse3, ssse3, sse4a, sse4.1, sse4.2, popcnt, lzcnt, tsc, tscinvbit, avx, avx2, aes, erms, clmul, bmi1, bmi2, adx, sha, fma, vzeroupper, clflush, clflushopt, rdtscp, rdpid, fsrm

Memory: 4k page, system-wide physical 15716M (1418M free)
TotalPageFile size 40827M (AvailPageFile size 203M)
current process WorkingSet (physical memory assigned to process): 11M, peak: 11M
current process commit charge ("private bytes"): 70M, peak: 316M

vm_info: OpenJDK 64-Bit Server VM (19.0.2+7-44) for windows-amd64 JRE (19.0.2+7-44), built on 2022-11-30T18:02:09Z by "mach5one" with MS VC++ 17.1 (VS2022)

END.
